#
# There is insufficient memory for the Java Runtime Environment to continue.
# Native memory allocation (mmap) failed to map 2097152 bytes for G1 virtual space
# Possible reasons:
#   The system is out of physical RAM or swap space
#   The process is running with CompressedOops enabled, and the Java Heap may be blocking the growth of the native heap
# Possible solutions:
#   Reduce memory load on the system
#   Increase physical memory or swap space
#   Check if swap backing store is full
#   Decrease Java heap size (-Xmx/-Xms)
#   Decrease number of Java threads
#   Decrease Java thread stack sizes (-Xss)
#   Set larger code cache with -XX:ReservedCodeCacheSize=
#   JVM is running with Unscaled Compressed Oops mode in which the Java heap is
#     placed in the first 4GB address space. The Java Heap base address is the
#     maximum limit for the native heap growth. Please use -XX:HeapBaseMinAddress
#     to set the Java Heap base and to place the Java Heap above 4GB virtual address.
# This output file may be truncated or incomplete.
#
#  Out of Memory Error (os_windows.cpp:3548), pid=10676, tid=9920
#
# JRE version: Java(TM) SE Runtime Environment Oracle GraalVM 17.0.12+8.1 (17.0.12+8) (build 17.0.12+8-LTS-jvmci-23.0-b41)
# Java VM: Java HotSpot(TM) 64-Bit Server VM Oracle GraalVM 17.0.12+8.1 (17.0.12+8-LTS-jvmci-23.0-b41, mixed mode, sharing, tiered, jvmci, jvmci compiler, compressed oops, compressed class ptrs, g1 gc, windows-amd64)
# No core dump will be written. Minidumps are not enabled by default on client versions of Windows
#

---------------  S U M M A R Y ------------

Command Line: -XX:ThreadPriorityPolicy=1 -XX:+UnlockExperimentalVMOptions -XX:+EnableJVMCIProduct -XX:-UnlockExperimentalVMOptions -Dapplication.home=C:\Users\Dell\.jdks\graalvm-jdk-17.0.12 --add-modules=ALL-DEFAULT -Xms8m -Djdk.module.main=jdk.compiler jdk.compiler/com.sun.tools.javac.Main --system=none --patch-module=java.base=C:\Users\Dell\AppData\Local\Android\Sdk\platforms\android-35\core-for-system-modules.jar -d C:\Users\Dell\.gradle\caches\transforms-3\a08a314d9a673ce9f3964d49ded78bb0\transformed\output\temp C:\Users\Dell\.gradle\caches\transforms-3\a08a314d9a673ce9f3964d49ded78bb0\transformed\output\temp\module-info.java

Host: Intel(R) Core(TM) i5-6300U CPU @ 2.40GHz, 4 cores, 7G,  Windows 10 , 64 bit Build 19041 (10.0.19041.4597)
Time: Wed Jul 31 00:56:25 2024 India Standard Time elapsed time: 1.091643 seconds (0d 0h 0m 1s)

---------------  T H R E A D  ---------------

Current thread (0x000002242e5a7f10):  VMThread "VM Thread" [stack: 0x000000e810300000,0x000000e810400000] [id=9920]

Stack: [0x000000e810300000,0x000000e810400000]
Native frames: (J=compiled Java code, j=interpreted, Vv=VM code, C=native code)
V  [jvm.dll+0x66f82a]
V  [jvm.dll+0x7cf82e]
V  [jvm.dll+0x7d11b3]
V  [jvm.dll+0x7d1873]
V  [jvm.dll+0x24541f]
V  [jvm.dll+0x66c869]
V  [jvm.dll+0x661512]
V  [jvm.dll+0x302576]
V  [jvm.dll+0x309b16]
V  [jvm.dll+0x35a2fe]
V  [jvm.dll+0x35a52f]
V  [jvm.dll+0x2d9648]
V  [jvm.dll+0x2d7a7d]
V  [jvm.dll+0x2d70cc]
V  [jvm.dll+0x31ac2b]
V  [jvm.dll+0x7d616b]
V  [jvm.dll+0x7d6eb4]
V  [jvm.dll+0x7d73cd]
V  [jvm.dll+0x7d77a4]
V  [jvm.dll+0x7d7870]
V  [jvm.dll+0x78041a]
V  [jvm.dll+0x66e715]
C  [ucrtbase.dll+0x21bb2]
C  [KERNEL32.DLL+0x17374]
C  [ntdll.dll+0x4cc91]

VM_Operation (0x000000e80fdfd940): G1CollectForAllocation, mode: safepoint, requested by thread 0x000002242c42af70


---------------  P R O C E S S  ---------------

Threads class SMR info:
_java_thread_list=0x000002244e994800, length=13, elements={
0x000002242c42af70, 0x000002242e5ad1e0, 0x000002242e5ae710, 0x000002242e5c3e40,
0x000002242e5c5920, 0x000002242e5c8200, 0x000002242e5c9270, 0x000002242e5ca790,
0x000002242e5ce380, 0x000002244e7838c0, 0x000002244e74c440, 0x000002244e974010,
0x000002244e9c7aa0
}

Java Threads: ( => current thread )
  0x000002242c42af70 JavaThread "main" [_thread_blocked, id=4688, stack(0x000000e80fd00000,0x000000e80fe00000)]
  0x000002242e5ad1e0 JavaThread "Reference Handler" daemon [_thread_blocked, id=8624, stack(0x000000e810400000,0x000000e810500000)]
  0x000002242e5ae710 JavaThread "Finalizer" daemon [_thread_blocked, id=10188, stack(0x000000e810500000,0x000000e810600000)]
  0x000002242e5c3e40 JavaThread "Signal Dispatcher" daemon [_thread_blocked, id=11928, stack(0x000000e810600000,0x000000e810700000)]
  0x000002242e5c5920 JavaThread "Attach Listener" daemon [_thread_blocked, id=11736, stack(0x000000e810700000,0x000000e810800000)]
  0x000002242e5c8200 JavaThread "Service Thread" daemon [_thread_blocked, id=9860, stack(0x000000e810800000,0x000000e810900000)]
  0x000002242e5c9270 JavaThread "Monitor Deflation Thread" daemon [_thread_blocked, id=11200, stack(0x000000e810900000,0x000000e810a00000)]
  0x000002242e5ca790 JavaThread "JVMCI-native CompilerThread0" daemon [_thread_blocked, id=7624, stack(0x000000e810a00000,0x000000e810b00000)]
  0x000002242e5ce380 JavaThread "C1 CompilerThread0" daemon [_thread_blocked, id=6884, stack(0x000000e810b00000,0x000000e810c00000)]
  0x000002244e7838c0 JavaThread "Sweeper thread" daemon [_thread_blocked, id=8772, stack(0x000000e810c00000,0x000000e810d00000)]
  0x000002244e74c440 JavaThread "Common-Cleaner" daemon [_thread_blocked, id=9284, stack(0x000000e810d00000,0x000000e810e00000)]
  0x000002244e974010 JavaThread "C1 CompilerThread1" daemon [_thread_blocked, id=2444, stack(0x000000e810e00000,0x000000e810f00000)]
  0x000002244e9c7aa0 JavaThread "Notification Thread" daemon [_thread_blocked, id=8200, stack(0x000000e810f00000,0x000000e811000000)]

Other Threads:
=>0x000002242e5a7f10 VMThread "VM Thread" [stack: 0x000000e810300000,0x000000e810400000] [id=9920]
  0x000002244e9cf3b0 WatcherThread [stack: 0x000000e811000000,0x000000e811100000] [id=2616]
  0x000002242e552b00 GCTaskThread "GC Thread#0" [stack: 0x000000e80fe00000,0x000000e80ff00000] [id=9476]
  0x000002242e5ca3b0 GCTaskThread "GC Thread#1" [stack: 0x000000e811100000,0x000000e811200000] [id=11124]
  0x000002244eab3a70 GCTaskThread "GC Thread#2" [stack: 0x000000e811200000,0x000000e811300000] [id=3304]
  0x000002244eab3d30 GCTaskThread "GC Thread#3" [stack: 0x000000e811300000,0x000000e811400000] [id=6820]
  0x000002242e563620 ConcurrentGCThread "G1 Main Marker" [stack: 0x000000e80ff00000,0x000000e810000000] [id=8692]
  0x000002242e563f40 ConcurrentGCThread "G1 Conc#0" [stack: 0x000000e810000000,0x000000e810100000] [id=2948]
  0x000002242e57dea0 ConcurrentGCThread "G1 Refine#0" [stack: 0x000000e810100000,0x000000e810200000] [id=6164]
  0x000002242e57e7e0 ConcurrentGCThread "G1 Service" [stack: 0x000000e810200000,0x000000e810300000] [id=11644]

Threads with active compile tasks:
JVMCI-native CompilerThread0     1161  700   !   4       java.util.concurrent.ConcurrentHashMap::putVal (432 bytes)
C1 CompilerThread0     1161  742       3       jdk.internal.org.objectweb.asm.SymbolTable::addType (81 bytes)
C1 CompilerThread1     1162  739       3       java.util.HashMap::computeIfAbsent (330 bytes)

VM state: at safepoint (normal execution)

VM Mutex/Monitor currently owned by a thread:  ([mutex/lock_event])
[0x000002242e4f7090] Threads_lock - owner thread: 0x000002242e5a7f10
[0x000002242e4f83b0] Heap_lock - owner thread: 0x000002242c42af70

Heap address: 0x0000000081a00000, size: 2022 MB, Compressed Oops mode: 32-bit

CDS archive(s) mapped at: [0x000002244f000000-0x000002244fbd0000-0x000002244fbd0000), size 12386304, SharedBaseAddress: 0x000002244f000000, ArchiveRelocationMode: 1.
Compressed class space mapped at: 0x0000022450000000-0x0000022490000000, reserved size: 1073741824
Narrow klass base: 0x000002244f000000, Narrow klass shift: 0, Narrow klass range: 0x100000000

GC Precious Log:
 CPUs: 4 total, 4 available
 Memory: 8083M
 Large Page Support: Disabled
 NUMA Support: Disabled
 Compressed Oops: Enabled (32-bit)
 Heap Region Size: 1M
 Heap Min Capacity: 8M
 Heap Initial Capacity: 8M
 Heap Max Capacity: 2022M
 Pre-touch: Disabled
 Parallel Workers: 4
 Concurrent Workers: 1
 Concurrent Refinement Workers: 4
 Periodic GC: Disabled

Heap:
 garbage-first heap   total 8192K, used 3383K [0x0000000081a00000, 0x0000000100000000)
  region size 1024K, 1 young (1024K), 1 survivors (1024K)
 Metaspace       used 7955K, committed 8128K, reserved 1114112K
  class space    used 907K, committed 1024K, reserved 1048576K

Heap Regions: E=young(eden), S=young(survivor), O=old, HS=humongous(starts), HC=humongous(continues), CS=collection set, F=free, OA=open archive, CA=closed archive, TAMS=top-at-mark-start (previous, next)
|   0|0x0000000081a00000, 0x0000000081b00000, 0x0000000081b00000|100%| O|  |TAMS 0x0000000081a00000, 0x0000000081a00000| Untracked 
|   1|0x0000000081b00000, 0x0000000081c00000, 0x0000000081c00000|100%| O|  |TAMS 0x0000000081b00000, 0x0000000081b00000| Untracked 
|   2|0x0000000081c00000, 0x0000000081c9c600, 0x0000000081d00000| 61%| O|  |TAMS 0x0000000081c00000, 0x0000000081c00000| Untracked 
|   3|0x0000000081d00000, 0x0000000081d00000, 0x0000000081e00000|  0%| F|  |TAMS 0x0000000081d00000, 0x0000000081d00000| Untracked 
|   4|0x0000000081e00000, 0x0000000081e00000, 0x0000000081f00000|  0%| F|  |TAMS 0x0000000081e00000, 0x0000000081e00000| Untracked 
|   5|0x0000000081f00000, 0x0000000081fb1658, 0x0000000082000000| 69%| S|CS|TAMS 0x0000000081f00000, 0x0000000081f00000| Complete 
|   6|0x0000000082000000, 0x0000000082000000, 0x0000000082100000|  0%| F|  |TAMS 0x0000000082000000, 0x0000000082000000| Untracked 
|   7|0x0000000082100000, 0x0000000082100000, 0x0000000082200000|  0%| F|  |TAMS 0x0000000082100000, 0x0000000082100000| Untracked 

Card table byte_map: [0x0000022447bc0000,0x0000022447fc0000] _byte_map_base: 0x00000224477b3000

Marking Bits (Prev, Next): (CMBitMap*) 0x000002242e553030, (CMBitMap*) 0x000002242e553070
 Prev Bits: [0x00000224483c0000, 0x000002244a358000)
 Next Bits: [0x000002244a360000, 0x000002244c2f8000)

Polling page: 0x000002242dcd0000

Metaspace:

Usage:
  Non-class:      6.88 MB used.
      Class:    907.80 KB used.
       Both:      7.77 MB used.

Virtual space:
  Non-class space:       64.00 MB reserved,       6.94 MB ( 11%) committed,  1 nodes.
      Class space:        1.00 GB reserved,       1.00 MB ( <1%) committed,  1 nodes.
             Both:        1.06 GB reserved,       7.94 MB ( <1%) committed. 

Chunk freelists:
   Non-Class:  6.64 MB
       Class:  14.97 MB
        Both:  21.61 MB

MaxMetaspaceSize: unlimited
CompressedClassSpaceSize: 1.00 GB
Initial GC threshold: 21.00 MB
Current GC threshold: 21.00 MB
CDS: on
MetaspaceReclaimPolicy: balanced
 - commit_granule_bytes: 65536.
 - commit_granule_words: 8192.
 - virtual_space_node_default_size: 8388608.
 - enlarge_chunks_in_place: 1.
 - new_chunks_are_fully_committed: 0.
 - uncommit_free_chunks: 1.
 - use_allocation_guard: 0.
 - handle_deallocations: 1.


Internal statistics:

num_allocs_failed_limit: 0.
num_arena_births: 52.
num_arena_deaths: 0.
num_vsnodes_births: 2.
num_vsnodes_deaths: 0.
num_space_committed: 127.
num_space_uncommitted: 0.
num_chunks_returned_to_freelist: 0.
num_chunks_taken_from_freelist: 310.
num_chunk_merges: 0.
num_chunk_splits: 228.
num_chunks_enlarged: 180.
num_inconsistent_stats: 0.

CodeHeap 'non-profiled nmethods': size=119744Kb used=208Kb max_used=208Kb free=119535Kb
 bounds [0x00000224402d0000, 0x0000022440540000, 0x00000224477c0000]
CodeHeap 'profiled nmethods': size=119744Kb used=1365Kb max_used=1365Kb free=118378Kb
 bounds [0x00000224387c0000, 0x0000022438a30000, 0x000002243fcb0000]
CodeHeap 'non-nmethods': size=6272Kb used=1691Kb max_used=1691Kb free=4580Kb
 bounds [0x000002243fcb0000, 0x000002243ff20000, 0x00000224402d0000]
 total_blobs=1146 nmethods=737 adapters=327
 compilation: enabled
              stopped_count=0, restarted_count=0
 full_count=0

JVMCI Events (20 events):
Event: 0.167 Thread 0x000002242e5ca790 created JavaVM[1]@0x0000022494b36b98 for JVMCI runtime 0
Event: 0.167 Thread 0x000002242e5ca790 initializing JVMCI runtime 0
Event: 0.167 Thread 0x000002242e5ca790 initializing JavaVM references in JVMCI runtime 0
Event: 0.167 Thread 0x000002242e5ca790 initialized JavaVM references in JVMCI runtime 0
Event: 0.224 Thread 0x000002242e5ca790 initialized JVMCI runtime 0
Event: 0.386 Thread 0x000002242e5ca790 compacted oop handles in JVMCI runtime 0 from 63 to 42
Event: 0.396 Thread 0x000002242e5ca790 compacted oop handles in JVMCI runtime 0 from 57 to 56
Event: 0.402 Thread 0x000002242e5ca790 compacted oop handles in JVMCI runtime 0 from 69 to 67
Event: 0.492 Thread 0x000002242e5ca790 compacted oop handles in JVMCI runtime 0 from 78 to 55
Event: 0.498 Thread 0x000002242e5ca790 compacted oop handles in JVMCI runtime 0 from 61 to 60
Event: 0.523 Thread 0x000002242e5ca790 compacted oop handles in JVMCI runtime 0 from 88 to 79
Event: 0.617 Thread 0x000002242e5ca790 compacted oop handles in JVMCI runtime 0 from 82 to 81
Event: 0.641 Thread 0x000002242e5ca790 compacted oop handles in JVMCI runtime 0 from 93 to 83
Event: 0.671 Thread 0x000002242e5ca790 compacted oop handles in JVMCI runtime 0 from 95 to 85
Event: 0.672 Thread 0x000002242e5ca790 compacted oop handles in JVMCI runtime 0 from 86 to 51
Event: 0.822 Thread 0x000002242e5ca790 compacted oop handles in JVMCI runtime 0 from 61 to 60
Event: 0.957 Thread 0x000002242e5ca790 compacted oop handles in JVMCI runtime 0 from 90 to 88
Event: 1.010 Thread 0x000002242e5ca790 compacted oop handles in JVMCI runtime 0 from 93 to 92
Event: 1.076 Thread 0x000002242e5ca790 compacted oop handles in JVMCI runtime 0 from 107 to 106
Event: 1.076 Thread 0x000002242e5ca790 compacted oop handles in JVMCI runtime 0 from 106 to 60

Compilation events (20 events):
Event: 1.082 Thread 0x000002242e5ce380 nmethod 729 0x0000022438910090 code [0x00000224389102c0, 0x0000022438910d98]
Event: 1.082 Thread 0x000002244e974010 nmethod 731 0x0000022438911110 code [0x00000224389112e0, 0x00000224389119e8]
Event: 1.082 Thread 0x000002242e5ce380  732       3       com.sun.tools.javac.util.List::<init> (15 bytes)
Event: 1.082 Thread 0x000002244e974010  733       3       com.sun.tools.javac.util.List::prepend (10 bytes)
Event: 1.082 Thread 0x000002244e974010 nmethod 733 0x0000022438911b90 code [0x0000022438911d40, 0x0000022438912078]
Event: 1.082 Thread 0x000002242e5ce380 nmethod 732 0x0000022438912190 code [0x0000022438912340, 0x00000224389125b8]
Event: 1.082 Thread 0x000002244e974010  734       3       com.sun.tools.javac.tree.JCTree$JCFieldAccess::getTag (4 bytes)
Event: 1.083 Thread 0x000002242e5ce380  735       3       com.sun.tools.javac.code.Symtab::getPackage (26 bytes)
Event: 1.083 Thread 0x000002244e974010 nmethod 734 0x0000022438912690 code [0x0000022438912820, 0x0000022438912938]
Event: 1.083 Thread 0x000002244e974010  736       3       com.sun.tools.javac.code.Kinds$Kind::matches (9 bytes)
Event: 1.083 Thread 0x000002242e5ce380 nmethod 735 0x0000022438912a10 code [0x0000022438912be0, 0x0000022438913678]
Event: 1.083 Thread 0x000002242e5ce380  737       3       com.sun.tools.javac.code.Kinds$KindSelector::contains (18 bytes)
Event: 1.083 Thread 0x000002244e974010 nmethod 736 0x0000022438913810 code [0x00000224389139c0, 0x0000022438913bb8]
Event: 1.083 Thread 0x000002244e974010  739       3       java.util.HashMap::computeIfAbsent (330 bytes)
Event: 1.083 Thread 0x000002242e5ce380 nmethod 737 0x0000022438913d10 code [0x0000022438913ea0, 0x0000022438914018]
Event: 1.083 Thread 0x000002242e5ce380  738       3       com.sun.tools.javac.tree.JCTree::hasTag (14 bytes)
Event: 1.083 Thread 0x000002242e5ce380 nmethod 738 0x0000022438914110 code [0x00000224389142c0, 0x0000022438914648]
Event: 1.083 Thread 0x000002242e5ce380  740       3       java.lang.invoke.LambdaForm$Name::<init> (54 bytes)
Event: 1.084 Thread 0x000002242e5ce380 nmethod 740 0x0000022438914710 code [0x00000224389148c0, 0x0000022438914b78]
Event: 1.084 Thread 0x000002242e5ce380  742       3       jdk.internal.org.objectweb.asm.SymbolTable::addType (81 bytes)

GC Heap History (9 events):
Event: 0.265 GC heap before
{Heap before GC invocations=0 (full 0):
 garbage-first heap   total 8192K, used 3072K [0x0000000081a00000, 0x0000000100000000)
  region size 1024K, 3 young (3072K), 0 survivors (0K)
 Metaspace       used 1087K, committed 1152K, reserved 1114112K
  class space    used 109K, committed 128K, reserved 1048576K
}
Event: 0.271 GC heap after
{Heap after GC invocations=1 (full 0):
 garbage-first heap   total 8192K, used 1713K [0x0000000081a00000, 0x0000000100000000)
  region size 1024K, 1 young (1024K), 1 survivors (1024K)
 Metaspace       used 1087K, committed 1152K, reserved 1114112K
  class space    used 109K, committed 128K, reserved 1048576K
}
Event: 0.536 GC heap before
{Heap before GC invocations=1 (full 0):
 garbage-first heap   total 8192K, used 2737K [0x0000000081a00000, 0x0000000100000000)
  region size 1024K, 2 young (2048K), 1 survivors (1024K)
 Metaspace       used 2620K, committed 2752K, reserved 1114112K
  class space    used 292K, committed 320K, reserved 1048576K
}
Event: 0.541 GC heap after
{Heap after GC invocations=2 (full 0):
 garbage-first heap   total 8192K, used 2228K [0x0000000081a00000, 0x0000000100000000)
  region size 1024K, 1 young (1024K), 1 survivors (1024K)
 Metaspace       used 2620K, committed 2752K, reserved 1114112K
  class space    used 292K, committed 320K, reserved 1048576K
}
Event: 0.733 GC heap before
{Heap before GC invocations=2 (full 0):
 garbage-first heap   total 8192K, used 3252K [0x0000000081a00000, 0x0000000100000000)
  region size 1024K, 2 young (2048K), 1 survivors (1024K)
 Metaspace       used 4361K, committed 4480K, reserved 1114112K
  class space    used 536K, committed 576K, reserved 1048576K
}
Event: 0.736 GC heap after
{Heap after GC invocations=3 (full 0):
 garbage-first heap   total 8192K, used 2698K [0x0000000081a00000, 0x0000000100000000)
  region size 1024K, 1 young (1024K), 1 survivors (1024K)
 Metaspace       used 4361K, committed 4480K, reserved 1114112K
  class space    used 536K, committed 576K, reserved 1048576K
}
Event: 0.907 GC heap before
{Heap before GC invocations=3 (full 0):
 garbage-first heap   total 8192K, used 2698K [0x0000000081a00000, 0x0000000100000000)
  region size 1024K, 2 young (2048K), 1 survivors (1024K)
 Metaspace       used 6342K, committed 6528K, reserved 1114112K
  class space    used 738K, committed 832K, reserved 1048576K
}
Event: 0.910 GC heap after
{Heap after GC invocations=4 (full 0):
 garbage-first heap   total 8192K, used 3101K [0x0000000081a00000, 0x0000000100000000)
  region size 1024K, 1 young (1024K), 1 survivors (1024K)
 Metaspace       used 6342K, committed 6528K, reserved 1114112K
  class space    used 738K, committed 832K, reserved 1048576K
}
Event: 1.084 GC heap before
{Heap before GC invocations=4 (full 0):
 garbage-first heap   total 8192K, used 4125K [0x0000000081a00000, 0x0000000100000000)
  region size 1024K, 2 young (2048K), 1 survivors (1024K)
 Metaspace       used 7955K, committed 8128K, reserved 1114112K
  class space    used 907K, committed 1024K, reserved 1048576K
}

Deoptimization events (20 events):
Event: 0.569 Thread 0x000002242c42af70 DEOPT PACKING pc=0x0000022438817060 sp=0x000000e80fdfab50
Event: 0.569 Thread 0x000002242c42af70 DEOPT UNPACKING pc=0x000002243fd02945 sp=0x000000e80fdfa058 mode 0
Event: 0.759 Thread 0x000002242c42af70 DEOPT PACKING pc=0x0000022438810714 sp=0x000000e80fdfa640
Event: 0.759 Thread 0x000002242c42af70 DEOPT UNPACKING pc=0x000002243fd02945 sp=0x000000e80fdf9ad8 mode 0
Event: 0.900 Thread 0x000002242c42af70 DEOPT PACKING pc=0x0000022438829049 sp=0x000000e80fdfd4a0
Event: 0.900 Thread 0x000002242c42af70 DEOPT UNPACKING pc=0x000002243fd02945 sp=0x000000e80fdfc9b0 mode 0
Event: 0.903 Thread 0x000002242c42af70 Uncommon trap: trap_request=0xffffffed fr.pc=0x00000224402ef96a relative=0x000000000000224a
Event: 0.903 Thread 0x000002242c42af70 Uncommon trap: reason=null_assert_or_unreached0 action=reinterpret pc=0x00000224402ef96a method=java.util.HashMap.putVal(ILjava/lang/Object;Ljava/lang/Object;ZZ)Ljava/lang/Object; @ 134 jvmci
Event: 0.903 Thread 0x000002242c42af70 DEOPT PACKING pc=0x00000224402ef96a sp=0x000000e80fdfe650
Event: 0.903 Thread 0x000002242c42af70 DEOPT UNPACKING pc=0x000002243fd02945 sp=0x000000e80fdfda88 mode 3
Event: 0.951 Thread 0x000002242c42af70 Uncommon trap: trap_request=0xffffffcd fr.pc=0x0000022440300074 relative=0x00000000000004b4
Event: 0.951 Thread 0x000002242c42af70 Uncommon trap: reason=intrinsic_or_type_checked_inlining action=reinterpret pc=0x0000022440300074 method=java.util.HashMap.hash(Ljava/lang/Object;)I @ 12 jvmci
Event: 0.951 Thread 0x000002242c42af70 DEOPT PACKING pc=0x0000022440300074 sp=0x000000e80fdfeb90
Event: 0.951 Thread 0x000002242c42af70 DEOPT UNPACKING pc=0x000002243fd02945 sp=0x000000e80fdfdf98 mode 3
Event: 0.957 Thread 0x000002242c42af70 Uncommon trap: trap_request=0xffffffed fr.pc=0x0000022440300997 relative=0x00000000000001f7
Event: 0.957 Thread 0x000002242c42af70 Uncommon trap: reason=null_assert_or_unreached0 action=reinterpret pc=0x0000022440300997 method=jdk.internal.jimage.ImageStringsReader.stringFromByteBufferMatches(Ljava/nio/ByteBuffer;ILjava/lang/String;I)I @ 0 jvmci
Event: 0.957 Thread 0x000002242c42af70 DEOPT PACKING pc=0x0000022440300997 sp=0x000000e80fdfa710
Event: 0.957 Thread 0x000002242c42af70 DEOPT UNPACKING pc=0x000002243fd02945 sp=0x000000e80fdf9b78 mode 3
Event: 1.000 Thread 0x000002242c42af70 DEOPT PACKING pc=0x0000022438818270 sp=0x000000e80fdfe8c0
Event: 1.000 Thread 0x000002242c42af70 DEOPT UNPACKING pc=0x000002243fd02945 sp=0x000000e80fdfdd80 mode 0

Classes unloaded (0 events):
No events

Classes redefined (0 events):
No events

Internal exceptions (15 events):
Event: 0.393 Thread 0x000002242c42af70 Exception <a 'java/lang/NoSuchMethodError'{0x000000008215dce8}: 'void java.lang.invoke.DirectMethodHandle$Holder.invokeSpecial(java.lang.Object, java.lang.Object, java.lang.Object)'> (0x000000008215dce8) 
thrown [s\open\src\hotspot\share\interpreter\linkResolver.cpp, line 759]
Event: 0.493 Thread 0x000002242c42af70 Exception <a 'java/lang/NoSuchMethodError'{0x00000000821b7f98}: 'java.lang.Object java.lang.invoke.DirectMethodHandle$Holder.invokeVirtual(java.lang.Object, java.lang.Object, java.lang.Object)'> (0x00000000821b7f98) 
thrown [s\open\src\hotspot\share\interpreter\linkResolver.cpp, line 759]
Event: 0.499 Thread 0x000002242c42af70 Exception <a 'java/lang/NoSuchMethodError'{0x00000000821c3e88}: 'int java.lang.invoke.DirectMethodHandle$Holder.invokeInterface(java.lang.Object, java.lang.Object)'> (0x00000000821c3e88) 
thrown [s\open\src\hotspot\share\interpreter\linkResolver.cpp, line 759]
Event: 0.519 Thread 0x000002242c42af70 Exception <a 'sun/nio/fs/WindowsException'{0x00000000821e2348}> (0x00000000821e2348) 
thrown [s\open\src\hotspot\share\prims\jni.cpp, line 516]
Event: 0.523 Thread 0x000002242c42af70 Exception <a 'sun/nio/fs/WindowsException'{0x00000000821e3148}> (0x00000000821e3148) 
thrown [s\open\src\hotspot\share\prims\jni.cpp, line 516]
Event: 0.523 Thread 0x000002242c42af70 Exception <a 'sun/nio/fs/WindowsException'{0x00000000821e3518}> (0x00000000821e3518) 
thrown [s\open\src\hotspot\share\prims\jni.cpp, line 516]
Event: 0.527 Thread 0x000002242c42af70 Exception <a 'java/lang/NoSuchMethodError'{0x00000000821ea4d0}: 'int java.lang.invoke.DirectMethodHandle$Holder.invokeVirtual(java.lang.Object, java.lang.Object, java.lang.Object)'> (0x00000000821ea4d0) 
thrown [s\open\src\hotspot\share\interpreter\linkResolver.cpp, line 759]
Event: 0.529 Thread 0x000002242c42af70 Exception <a 'java/lang/NoSuchMethodError'{0x00000000821f10f8}: 'void java.lang.invoke.DirectMethodHandle$Holder.invokeInterface(java.lang.Object, java.lang.Object, java.lang.Object)'> (0x00000000821f10f8) 
thrown [s\open\src\hotspot\share\interpreter\linkResolver.cpp, line 759]
Event: 0.746 Thread 0x000002242c42af70 Exception <a 'java/lang/NoSuchMethodError'{0x000000008210b948}: 'int java.lang.invoke.DirectMethodHandle$Holder.invokeStaticInit(java.lang.Object, java.lang.Object)'> (0x000000008210b948) 
thrown [s\open\src\hotspot\share\interpreter\linkResolver.cpp, line 759]
Event: 0.882 Thread 0x000002242c42af70 Exception <a 'java/lang/NoSuchMethodError'{0x00000000821aecf0}: 'int java.lang.invoke.DirectMethodHandle$Holder.invokeVirtual(java.lang.Object, java.lang.Object)'> (0x00000000821aecf0) 
thrown [s\open\src\hotspot\share\interpreter\linkResolver.cpp, line 759]
Event: 0.894 Thread 0x000002242c42af70 Exception <a 'java/lang/NoSuchMethodError'{0x00000000821d7df8}: 'java.lang.Object java.lang.invoke.DirectMethodHandle$Holder.newInvokeSpecial(java.lang.Object, java.lang.Object, java.lang.Object, java.lang.Object, java.lang.Object)'> (0x00000000821d7df8) 
thrown [s\open\src\hotspot\share\interpreter\linkResolver.cpp, line 759]
Event: 0.898 Thread 0x000002242c42af70 Exception <a 'java/lang/NoSuchMethodError'{0x00000000821e6c30}: 'java.lang.Object java.lang.invoke.DirectMethodHandle$Holder.newInvokeSpecial(java.lang.Object, java.lang.Object, java.lang.Object, java.lang.Object, java.lang.Object, java.lang.Object)'> (0x00000000821e6c30) 
thrown [s\open\src\hotspot\share\interpreter\linkResolver.cpp, line 759]
Event: 0.943 Thread 0x000002242c42af70 Exception <a 'sun/nio/fs/WindowsException'{0x00000000821379c0}> (0x00000000821379c0) 
thrown [s\open\src\hotspot\share\prims\jni.cpp, line 516]
Event: 0.943 Thread 0x000002242c42af70 Exception <a 'sun/nio/fs/WindowsException'{0x0000000082137c30}> (0x0000000082137c30) 
thrown [s\open\src\hotspot\share\prims\jni.cpp, line 516]
Event: 0.948 Thread 0x000002242c42af70 Exception <a 'java/lang/NoSuchMethodError'{0x0000000082139710}: 'java.lang.Object java.lang.invoke.DirectMethodHandle$Holder.invokeStaticInit(java.lang.Object)'> (0x0000000082139710) 
thrown [s\open\src\hotspot\share\interpreter\linkResolver.cpp, line 759]

VM Operations (17 events):
Event: 0.122 Executing VM operation: HandshakeAllThreads
Event: 0.122 Executing VM operation: HandshakeAllThreads done
Event: 0.265 Executing VM operation: G1CollectForAllocation
Event: 0.271 Executing VM operation: G1CollectForAllocation done
Event: 0.402 Executing VM operation: HandshakeAllThreads
Event: 0.402 Executing VM operation: HandshakeAllThreads done
Event: 0.439 Executing VM operation: HandshakeAllThreads
Event: 0.439 Executing VM operation: HandshakeAllThreads done
Event: 0.506 Executing VM operation: HandshakeAllThreads
Event: 0.506 Executing VM operation: HandshakeAllThreads done
Event: 0.536 Executing VM operation: G1CollectForAllocation
Event: 0.541 Executing VM operation: G1CollectForAllocation done
Event: 0.733 Executing VM operation: G1CollectForAllocation
Event: 0.736 Executing VM operation: G1CollectForAllocation done
Event: 0.907 Executing VM operation: G1CollectForAllocation
Event: 0.910 Executing VM operation: G1CollectForAllocation done
Event: 1.084 Executing VM operation: G1CollectForAllocation

Events (20 events):
Event: 1.018 loading class sun/nio/ch/Util$1
Event: 1.018 loading class sun/nio/ch/Util$1 done
Event: 1.018 loading class sun/nio/ch/Util$BufferCache
Event: 1.019 loading class sun/nio/ch/Util$BufferCache done
Event: 1.019 loading class java/nio/DirectByteBuffer$Deallocator
Event: 1.020 loading class java/nio/DirectByteBuffer$Deallocator done
Event: 1.060 loading class java/util/LinkedHashMap$LinkedValues
Event: 1.060 loading class java/util/LinkedHashMap$LinkedValues done
Event: 1.060 loading class java/util/LinkedHashMap$LinkedValueIterator
Event: 1.060 loading class java/util/LinkedHashMap$LinkedValueIterator done
Event: 1.066 loading class java/util/stream/MatchOps$MatchKind
Event: 1.067 loading class java/util/stream/MatchOps$MatchKind done
Event: 1.067 loading class java/util/stream/MatchOps
Event: 1.067 loading class java/util/stream/MatchOps done
Event: 1.067 loading class java/util/stream/MatchOps$MatchOp
Event: 1.068 loading class java/util/stream/MatchOps$MatchOp done
Event: 1.068 loading class java/util/stream/MatchOps$BooleanTerminalSink
Event: 1.069 loading class java/util/stream/MatchOps$BooleanTerminalSink done
Event: 1.070 loading class java/util/stream/MatchOps$1MatchSink
Event: 1.070 loading class java/util/stream/MatchOps$1MatchSink done


Dynamic libraries:
0x00007ff78b7e0000 - 0x00007ff78b7e8000 	C:\Users\Dell\.jdks\graalvm-jdk-17.0.12\bin\javac.exe
0x00007ffae2630000 - 0x00007ffae2828000 	C:\WINDOWS\SYSTEM32\ntdll.dll
0x00007ffae1d30000 - 0x00007ffae1df1000 	C:\WINDOWS\System32\KERNEL32.DLL
0x00007ffae0260000 - 0x00007ffae0556000 	C:\WINDOWS\System32\KERNELBASE.dll
0x00007ffae0560000 - 0x00007ffae0660000 	C:\WINDOWS\System32\ucrtbase.dll
0x00007ffadc6b0000 - 0x00007ffadc6cb000 	C:\Users\Dell\.jdks\graalvm-jdk-17.0.12\bin\VCRUNTIME140.dll
0x00007ffadc6d0000 - 0x00007ffadc6e9000 	C:\Users\Dell\.jdks\graalvm-jdk-17.0.12\bin\jli.dll
0x00007ffae0660000 - 0x00007ffae0710000 	C:\WINDOWS\System32\ADVAPI32.dll
0x00007ffae0920000 - 0x00007ffae09be000 	C:\WINDOWS\System32\msvcrt.dll
0x00007ffae1990000 - 0x00007ffae1a30000 	C:\WINDOWS\System32\sechost.dll
0x00007ffae07f0000 - 0x00007ffae0913000 	C:\WINDOWS\System32\RPCRT4.dll
0x00007ffae0200000 - 0x00007ffae0227000 	C:\WINDOWS\System32\bcrypt.dll
0x00007ffae0a40000 - 0x00007ffae0bdf000 	C:\WINDOWS\System32\USER32.dll
0x00007ffae0230000 - 0x00007ffae0252000 	C:\WINDOWS\System32\win32u.dll
0x00007ffae1b20000 - 0x00007ffae1b4b000 	C:\WINDOWS\System32\GDI32.dll
0x00007ffacec20000 - 0x00007ffaceeba000 	C:\WINDOWS\WinSxS\amd64_microsoft.windows.common-controls_6595b64144ccf1df_6.0.19041.4355_none_60b8b9eb71f62e16\COMCTL32.dll
0x00007ffae0070000 - 0x00007ffae0187000 	C:\WINDOWS\System32\gdi32full.dll
0x00007ffadffd0000 - 0x00007ffae006d000 	C:\WINDOWS\System32\msvcp_win.dll
0x00007ffad7580000 - 0x00007ffad758a000 	C:\WINDOWS\SYSTEM32\VERSION.dll
0x00007ffae1b50000 - 0x00007ffae1b7f000 	C:\WINDOWS\System32\IMM32.DLL
0x00007ffadd940000 - 0x00007ffadd94c000 	C:\Users\Dell\.jdks\graalvm-jdk-17.0.12\bin\vcruntime140_1.dll
0x00007ffad94a0000 - 0x00007ffad952e000 	C:\Users\Dell\.jdks\graalvm-jdk-17.0.12\bin\msvcp140.dll
0x00007ffaa7760000 - 0x00007ffaa8337000 	C:\Users\Dell\.jdks\graalvm-jdk-17.0.12\bin\server\jvm.dll
0x00007ffae1980000 - 0x00007ffae1988000 	C:\WINDOWS\System32\PSAPI.DLL
0x00007ffad0170000 - 0x00007ffad0197000 	C:\WINDOWS\SYSTEM32\WINMM.dll
0x00007ffadc090000 - 0x00007ffadc099000 	C:\WINDOWS\SYSTEM32\WSOCK32.dll
0x00007ffae2580000 - 0x00007ffae25eb000 	C:\WINDOWS\System32\WS2_32.dll
0x00007ffade4b0000 - 0x00007ffade4c2000 	C:\WINDOWS\SYSTEM32\kernel.appcore.dll
0x00007ffadc6a0000 - 0x00007ffadc6aa000 	C:\Users\Dell\.jdks\graalvm-jdk-17.0.12\bin\jimage.dll
0x00007fface610000 - 0x00007fface7f4000 	C:\WINDOWS\SYSTEM32\DBGHELP.DLL
0x00007ffacdab0000 - 0x00007ffacdae4000 	C:\WINDOWS\SYSTEM32\dbgcore.DLL
0x00007ffadfde0000 - 0x00007ffadfe62000 	C:\WINDOWS\System32\bcryptPrimitives.dll
0x00007ffad9470000 - 0x00007ffad9495000 	C:\Users\Dell\.jdks\graalvm-jdk-17.0.12\bin\java.dll
0x00007ffac7460000 - 0x00007ffac7537000 	C:\Users\Dell\.jdks\graalvm-jdk-17.0.12\bin\jsvml.dll
0x00007ffae1e00000 - 0x00007ffae256c000 	C:\WINDOWS\System32\SHELL32.dll
0x00007ffaddc30000 - 0x00007ffade3ce000 	C:\WINDOWS\SYSTEM32\windows.storage.dll
0x00007ffae1620000 - 0x00007ffae1973000 	C:\WINDOWS\System32\combase.dll
0x00007ffadf550000 - 0x00007ffadf57e000 	C:\WINDOWS\SYSTEM32\Wldp.dll
0x00007ffae1300000 - 0x00007ffae13cd000 	C:\WINDOWS\System32\OLEAUT32.dll
0x00007ffae0d10000 - 0x00007ffae0dbd000 	C:\WINDOWS\System32\SHCORE.dll
0x00007ffae12a0000 - 0x00007ffae12f5000 	C:\WINDOWS\System32\shlwapi.dll
0x00007ffadfc10000 - 0x00007ffadfc34000 	C:\WINDOWS\SYSTEM32\profapi.dll
0x00007ffa91370000 - 0x00007ffa93dac000 	C:\Users\Dell\.jdks\graalvm-jdk-17.0.12\bin\jvmcicompiler.dll
0x00007ffadfe70000 - 0x00007ffadffce000 	C:\WINDOWS\System32\CRYPT32.dll
0x00007ffadfb80000 - 0x00007ffadfbae000 	C:\WINDOWS\SYSTEM32\USERENV.dll
0x00007ffadf330000 - 0x00007ffadf39a000 	C:\WINDOWS\SYSTEM32\MSWSOCK.dll
0x00007ffadf6a0000 - 0x00007ffadf6c9000 	C:\WINDOWS\SYSTEM32\ncrypt.dll
0x00007ffadf030000 - 0x00007ffadf06b000 	C:\WINDOWS\SYSTEM32\IPHLPAPI.DLL
0x00007ffadf660000 - 0x00007ffadf69b000 	C:\WINDOWS\SYSTEM32\NTASN1.dll
0x00007ffad9fd0000 - 0x00007ffad9fe8000 	C:\Users\Dell\.jdks\graalvm-jdk-17.0.12\bin\zip.dll
0x00007ffad9450000 - 0x00007ffad9469000 	C:\Users\Dell\.jdks\graalvm-jdk-17.0.12\bin\net.dll
0x00007ffad4330000 - 0x00007ffad443a000 	C:\WINDOWS\SYSTEM32\WINHTTP.dll
0x00007ffac7440000 - 0x00007ffac7456000 	C:\Users\Dell\.jdks\graalvm-jdk-17.0.12\bin\nio.dll

dbghelp: loaded successfully - version: 4.0.5 - missing functions: none
symbol engine: initialized successfully - sym options: 0x614 - pdb path: .;C:\Users\Dell\.jdks\graalvm-jdk-17.0.12\bin;C:\WINDOWS\SYSTEM32;C:\WINDOWS\WinSxS\amd64_microsoft.windows.common-controls_6595b64144ccf1df_6.0.19041.4355_none_60b8b9eb71f62e16;C:\Users\Dell\.jdks\graalvm-jdk-17.0.12\bin\server

VM Arguments:
jvm_args: -XX:ThreadPriorityPolicy=1 -XX:+UnlockExperimentalVMOptions -XX:+EnableJVMCIProduct -XX:-UnlockExperimentalVMOptions -Dapplication.home=C:\Users\Dell\.jdks\graalvm-jdk-17.0.12 --add-modules=ALL-DEFAULT -Xms8m -Djdk.module.main=jdk.compiler 
java_command: jdk.compiler/com.sun.tools.javac.Main --system=none --patch-module=java.base=C:\Users\Dell\AppData\Local\Android\Sdk\platforms\android-35\core-for-system-modules.jar -d C:\Users\Dell\.gradle\caches\transforms-3\a08a314d9a673ce9f3964d49ded78bb0\transformed\output\temp C:\Users\Dell\.gradle\caches\transforms-3\a08a314d9a673ce9f3964d49ded78bb0\transformed\output\temp\module-info.java
java_class_path (initial): <not set>
Launcher Type: SUN_STANDARD

[Global flags]
     intx CICompilerCount                          = 3                                         {product} {ergonomic}
     uint ConcGCThreads                            = 1                                         {product} {ergonomic}
     bool EnableJVMCIProduct                       = true                                {JVMCI product} {jimage}
     uint G1ConcRefinementThreads                  = 4                                         {product} {ergonomic}
   size_t G1HeapRegionSize                         = 1048576                                   {product} {ergonomic}
    uintx GCDrainStackTargetSize                   = 64                                        {product} {ergonomic}
   size_t InitialHeapSize                          = 8388608                                   {product} {command line}
   size_t MarkStackSize                            = 4194304                                   {product} {ergonomic}
   size_t MaxHeapSize                              = 2120220672                                {product} {ergonomic}
   size_t MaxNewSize                               = 1271922688                                {product} {ergonomic}
   size_t MinHeapDeltaBytes                        = 1048576                                   {product} {ergonomic}
   size_t MinHeapSize                              = 8388608                                   {product} {command line}
    uintx NonNMethodCodeHeapSize                   = 6402904                                {pd product} {ergonomic}
    uintx NonProfiledCodeHeapSize                  = 122627668                              {pd product} {ergonomic}
    uintx ProfiledCodeHeapSize                     = 122627668                              {pd product} {ergonomic}
    uintx ReservedCodeCacheSize                    = 251658240                              {pd product} {ergonomic}
     bool SegmentedCodeCache                       = true                                      {product} {ergonomic}
   size_t SoftMaxHeapSize                          = 2120220672                             {manageable} {ergonomic}
     intx ThreadPriorityPolicy                     = 1                                         {product} {jimage}
     bool UseCompressedClassPointers               = true                           {product lp64_product} {ergonomic}
     bool UseCompressedOops                        = true                           {product lp64_product} {ergonomic}
     bool UseG1GC                                  = true                                      {product} {ergonomic}
     bool UseLargePagesIndividualAllocation        = false                                  {pd product} {ergonomic}

Logging:
Log output configuration:
 #0: stdout all=warning uptime,level,tags
 #1: stderr all=off uptime,level,tags

Environment Variables:
JAVA_HOME=C:\Program Files\Java\jdk-22.0.1
PATH=C:\WINDOWS\system32;C:\WINDOWS;C:\WINDOWS\System32\Wbem;C:\WINDOWS\System32\WindowsPowerShell\v1.0\;C:\WINDOWS\System32\OpenSSH\;C:\ProgramData\chocolatey\bin;C:\Program Files\nodejs\;C:\Users\Dell\AppData\Local\Pub\Cache;C:\Program Files\Git\cmd;C:\xampp\php;C:\ProgramData\ComposerSetup\bin;C:\flutter\bin;C:\Program Files\Android\Android Studio\bin;C:\Users\Dell\AppData\Local\Android\Sdk\platforms;C:\Users\Dell\AppData\Local\Android\Sdk\platform-tools;C:\Program Files\PuTTY\;'C:\Users\Dell\AppData\Local\Packages\PythonSoftwareFoundation.Python.3.11_qbz5n2kfra8p0\LocalCache\local-packages\Python311\Scripts;C:\Users\Dell\mongodb\bin;C:\gradle-8.5\bin;C:\Program Files\Java\jdk-22.0.1\bin;C:\Program Files\Java\jdk-22.0.1\bin;C:\Program Files\Java\jdk-22.0.1\bin;C:\Program Files (x86)\Common Files\Oracle\Java\javapath;C:\WINDOWS\system32;C:\WINDOWS;C:\WINDOWS\System32\Wbem;C:\WINDOWS\System32\WindowsPowerShell\v1.0\;C:\WINDOWS\System32\OpenSSH\;C:\ProgramData\chocolatey\bin;C:\Program Files\nodejs\;C:\Users\Dell\AppData\Local\Pub\Cache;C:\Program Files\Git\cmd;C:\xampp\php;C:\ProgramData\ComposerSetup\bin;C:\flutter\bin;C:\Program Files\Android\Android Studio\bin;C:\Users\Dell\AppData\Local\Android\Sdk\platforms;C:\Users\Dell\AppData\Local\Android\Sdk\platform-tools;C:\Program Files\PuTTY\;'C:\Users\Dell\AppData\Local\Packages\PythonSoftwareFoundation.Python.3.11_qbz5n2kfra8p0\LocalCache\local-packages\Python311\Scripts;C:\Users\Dell\mongodb\bin;C:\gradle-8.5\bin;C:\Program Files\Java\jdk-22.0.1\bin;C:\Users\Dell\AppData\Local\Microsoft\WindowsApps;C:\Users\Dell\AppData\Local\Programs\Microsoft VS Code\bin;C:\Users\Dell\OneDrive\Desktop\saba\gradle-6.7\bin;C:\Users\Dell\AppData\Roaming\npm;C:\flutter\bin;C:\flutter;C:\Users\Dell\A;C:\Program Files\Java\jdk-22.0.1\bin;
USERNAME=Dell
OS=Windows_NT
PROCESSOR_IDENTIFIER=Intel64 Family 6 Model 78 Stepping 3, GenuineIntel



---------------  S Y S T E M  ---------------

OS:
 Windows 10 , 64 bit Build 19041 (10.0.19041.4597)
OS uptime: 0 days 23:49 hours
Hyper-V role detected

CPU: total 4 (initial active 4) (2 cores per cpu, 2 threads per core) family 6 model 78 stepping 3 microcode 0xf0, cx8, cmov, fxsr, ht, mmx, 3dnowpref, sse, sse2, sse3, ssse3, sse4.1, sse4.2, popcnt, lzcnt, tsc, tscinvbit, avx, avx2, aes, erms, clmul, bmi1, bmi2, rtm, adx, fma, vzeroupper, clflush, clflushopt, hv

Memory: 4k page, system-wide physical 8083M (327M free)
TotalPageFile size 12179M (AvailPageFile size 31M)
current process WorkingSet (physical memory assigned to process): 107M, peak: 107M
current process commit charge ("private bytes"): 121M, peak: 123M

vm_info: Java HotSpot(TM) 64-Bit Server VM (17.0.12+8-LTS-jvmci-23.0-b41) for windows-amd64 JRE (17.0.12+8-LTS-jvmci-23.0-b41), built on Jun 11 2024 06:13:34 by "" with MS VC++ 17.6 (VS2022)

END.
